
> iot-parking-dashboard@0.1.0 dev
> next dev --turbopack

 ⚠ Warning: Next.js inferred your workspace root, but it may not be correct.
 We detected multiple lockfiles and selected the directory of /home/rod/package-lock.json as the root directory.
 To silence this warning, set `turbopack.root` in your Next.js config, or consider removing one of the lockfiles if it's not needed.
   See https://nextjs.org/docs/app/api-reference/config/next-config-js/turbopack#root-directory for more information.
 Detected additional lockfiles: 
   * /home/rod/projetos/unifaj-cc/2025-2/Laboratório iot/iot-parking-dashboard/package-lock.json

   ▲ Next.js 15.5.6 (Turbopack)
   - Local:        http://localhost:3000
   - Network:      http://10.255.255.254:3000
   - Environments: .env.local

 ✓ Starting...
 ✓ Ready in 982ms
 ○ Compiling /api/esp32/mock ...
 ✓ Compiled /api/esp32/mock in -977ms
 GET /api/esp32/mock 200 in -618ms
 ○ Compiling / ...
 ✓ Compiled / in 1987ms
 GET / 200 in 2416ms
 ✓ Compiled /api/esp32/status in 155ms
Error fetching parking status: Error [TimeoutError]: The operation was aborted due to timeout
    at async GET (src/app/api/esp32/status/route.ts:7:22)
   5 | export async function GET() {
   6 |   try {
>  7 |     const response = await fetch(`${ESP32_BASE_URL}/api/parking/status`, {
     |                      ^
   8 |       method: 'GET',
   9 |       headers: {
  10 |         'Content-Type': 'application/json', {
  code: 23,
  INDEX_SIZE_ERR: 1,
  DOMSTRING_SIZE_ERR: 2,
  HIERARCHY_REQUEST_ERR: 3,
  WRONG_DOCUMENT_ERR: 4,
  INVALID_CHARACTER_ERR: 5,
  NO_DATA_ALLOWED_ERR: 6,
  NO_MODIFICATION_ALLOWED_ERR: 7,
  NOT_FOUND_ERR: 8,
  NOT_SUPPORTED_ERR: 9,
  INUSE_ATTRIBUTE_ERR: 10,
  INVALID_STATE_ERR: 11,
  SYNTAX_ERR: 12,
  INVALID_MODIFICATION_ERR: 13,
  NAMESPACE_ERR: 14,
  INVALID_ACCESS_ERR: 15,
  VALIDATION_ERR: 16,
  TYPE_MISMATCH_ERR: 17,
  SECURITY_ERR: 18,
  NETWORK_ERR: 19,
  ABORT_ERR: 20,
  URL_MISMATCH_ERR: 21,
  QUOTA_EXCEEDED_ERR: 22,
  TIMEOUT_ERR: 23,
  INVALID_NODE_TYPE_ERR: 24,
  DATA_CLONE_ERR: 25
}
 GET /api/esp32/status 500 in 5527ms
 GET /api/esp32/mock 200 in 262ms
